C:\USERS\ACTC\DESKTOP\ALLFILES\SNAKE2\SNAKE2\DEBUG\GAME.OBJ
C:\USERS\ACTC\DESKTOP\ALLFILES\SNAKE2\SNAKE2\DEBUG\SNAKE.OBJ
C:\USERS\ACTC\DESKTOP\ALLFILES\SNAKE2\SNAKE2\DEBUG\VC110.PDB
C:\USERS\ACTC\DESKTOP\ALLFILES\SNAKE2\DEBUG\SNAKE2.ILK
C:\USERS\ACTC\DESKTOP\ALLFILES\SNAKE2\DEBUG\SNAKE2.EXE
C:\USERS\ACTC\DESKTOP\ALLFILES\SNAKE2\DEBUG\SNAKE2.PDB
C:\USERS\ACTC\DESKTOP\ALLFILES\SNAKE2\SNAKE2\DEBUG\SNAKE.RES
C:\Users\actc\Desktop\allfiles\Snake2\Snake2\Debug\game.obj
C:\Users\actc\Desktop\allfiles\Snake2\Snake2\Debug\Snake.obj
C:\Users\actc\Desktop\allfiles\Snake2\Snake2\Debug\cl.command.1.tlog
C:\Users\actc\Desktop\allfiles\Snake2\Snake2\Debug\CL.read.1.tlog
C:\Users\actc\Desktop\allfiles\Snake2\Snake2\Debug\CL.write.1.tlog
C:\Users\actc\Desktop\allfiles\Snake2\Snake2\Debug\link-cvtres.read.1.tlog
C:\Users\actc\Desktop\allfiles\Snake2\Snake2\Debug\link-cvtres.write.1.tlog
C:\Users\actc\Desktop\allfiles\Snake2\Snake2\Debug\link-rc.read.1.tlog
C:\Users\actc\Desktop\allfiles\Snake2\Snake2\Debug\link-rc.write.1.tlog
C:\Users\actc\Desktop\allfiles\Snake2\Snake2\Debug\link.10252-cvtres.read.1.tlog
C:\Users\actc\Desktop\allfiles\Snake2\Snake2\Debug\link.10252-cvtres.write.1.tlog
C:\Users\actc\Desktop\allfiles\Snake2\Snake2\Debug\link.10252-rc.read.1.tlog
C:\Users\actc\Desktop\allfiles\Snake2\Snake2\Debug\link.10252-rc.write.1.tlog
C:\Users\actc\Desktop\allfiles\Snake2\Snake2\Debug\link.10252.read.1.tlog
C:\Users\actc\Desktop\allfiles\Snake2\Snake2\Debug\link.10252.write.1.tlog
C:\Users\actc\Desktop\allfiles\Snake2\Snake2\Debug\link.10692-cvtres.read.1.tlog
C:\Users\actc\Desktop\allfiles\Snake2\Snake2\Debug\link.10692-cvtres.write.1.tlog
C:\Users\actc\Desktop\allfiles\Snake2\Snake2\Debug\link.10692-rc.read.1.tlog
C:\Users\actc\Desktop\allfiles\Snake2\Snake2\Debug\link.10692-rc.write.1.tlog
C:\Users\actc\Desktop\allfiles\Snake2\Snake2\Debug\link.10692.read.1.tlog
C:\Users\actc\Desktop\allfiles\Snake2\Snake2\Debug\link.10692.write.1.tlog
C:\Users\actc\Desktop\allfiles\Snake2\Snake2\Debug\link.10988-cvtres.read.1.tlog
C:\Users\actc\Desktop\allfiles\Snake2\Snake2\Debug\link.10988-cvtres.write.1.tlog
C:\Users\actc\Desktop\allfiles\Snake2\Snake2\Debug\link.10988-rc.read.1.tlog
C:\Users\actc\Desktop\allfiles\Snake2\Snake2\Debug\link.10988-rc.write.1.tlog
C:\Users\actc\Desktop\allfiles\Snake2\Snake2\Debug\link.10988.read.1.tlog
C:\Users\actc\Desktop\allfiles\Snake2\Snake2\Debug\link.10988.write.1.tlog
C:\Users\actc\Desktop\allfiles\Snake2\Snake2\Debug\link.12616-cvtres.read.1.tlog
C:\Users\actc\Desktop\allfiles\Snake2\Snake2\Debug\link.12616-cvtres.write.1.tlog
C:\Users\actc\Desktop\allfiles\Snake2\Snake2\Debug\link.12616-rc.read.1.tlog
C:\Users\actc\Desktop\allfiles\Snake2\Snake2\Debug\link.12616-rc.write.1.tlog
C:\Users\actc\Desktop\allfiles\Snake2\Snake2\Debug\link.12616.read.1.tlog
C:\Users\actc\Desktop\allfiles\Snake2\Snake2\Debug\link.12616.write.1.tlog
C:\Users\actc\Desktop\allfiles\Snake2\Snake2\Debug\link.14232-cvtres.read.1.tlog
C:\Users\actc\Desktop\allfiles\Snake2\Snake2\Debug\link.14232-cvtres.write.1.tlog
C:\Users\actc\Desktop\allfiles\Snake2\Snake2\Debug\link.14232-rc.read.1.tlog
C:\Users\actc\Desktop\allfiles\Snake2\Snake2\Debug\link.14232-rc.write.1.tlog
C:\Users\actc\Desktop\allfiles\Snake2\Snake2\Debug\link.14232.read.1.tlog
C:\Users\actc\Desktop\allfiles\Snake2\Snake2\Debug\link.14232.write.1.tlog
C:\Users\actc\Desktop\allfiles\Snake2\Snake2\Debug\link.4588-cvtres.read.1.tlog
C:\Users\actc\Desktop\allfiles\Snake2\Snake2\Debug\link.4588-cvtres.write.1.tlog
C:\Users\actc\Desktop\allfiles\Snake2\Snake2\Debug\link.4588-rc.read.1.tlog
C:\Users\actc\Desktop\allfiles\Snake2\Snake2\Debug\link.4588-rc.write.1.tlog
C:\Users\actc\Desktop\allfiles\Snake2\Snake2\Debug\link.4588.read.1.tlog
C:\Users\actc\Desktop\allfiles\Snake2\Snake2\Debug\link.4588.write.1.tlog
C:\Users\actc\Desktop\allfiles\Snake2\Snake2\Debug\link.7072-cvtres.read.1.tlog
C:\Users\actc\Desktop\allfiles\Snake2\Snake2\Debug\link.7072-cvtres.write.1.tlog
C:\Users\actc\Desktop\allfiles\Snake2\Snake2\Debug\link.7072-rc.read.1.tlog
C:\Users\actc\Desktop\allfiles\Snake2\Snake2\Debug\link.7072-rc.write.1.tlog
C:\Users\actc\Desktop\allfiles\Snake2\Snake2\Debug\link.7072.read.1.tlog
C:\Users\actc\Desktop\allfiles\Snake2\Snake2\Debug\link.7072.write.1.tlog
C:\Users\actc\Desktop\allfiles\Snake2\Snake2\Debug\link.7836-cvtres.read.1.tlog
C:\Users\actc\Desktop\allfiles\Snake2\Snake2\Debug\link.7836-cvtres.write.1.tlog
C:\Users\actc\Desktop\allfiles\Snake2\Snake2\Debug\link.7836-rc.read.1.tlog
C:\Users\actc\Desktop\allfiles\Snake2\Snake2\Debug\link.7836-rc.write.1.tlog
C:\Users\actc\Desktop\allfiles\Snake2\Snake2\Debug\link.7836.read.1.tlog
C:\Users\actc\Desktop\allfiles\Snake2\Snake2\Debug\link.7836.write.1.tlog
C:\Users\actc\Desktop\allfiles\Snake2\Snake2\Debug\link.9988-cvtres.read.1.tlog
C:\Users\actc\Desktop\allfiles\Snake2\Snake2\Debug\link.9988-cvtres.write.1.tlog
C:\Users\actc\Desktop\allfiles\Snake2\Snake2\Debug\link.9988-rc.read.1.tlog
C:\Users\actc\Desktop\allfiles\Snake2\Snake2\Debug\link.9988-rc.write.1.tlog
C:\Users\actc\Desktop\allfiles\Snake2\Snake2\Debug\link.9988.read.1.tlog
C:\Users\actc\Desktop\allfiles\Snake2\Snake2\Debug\link.9988.write.1.tlog
C:\Users\actc\Desktop\allfiles\Snake2\Snake2\Debug\link.command.1.tlog
C:\Users\actc\Desktop\allfiles\Snake2\Snake2\Debug\link.read.1.tlog
C:\Users\actc\Desktop\allfiles\Snake2\Snake2\Debug\link.write.1.tlog
C:\Users\actc\Desktop\allfiles\Snake2\Snake2\Debug\rc.command.1.tlog
C:\Users\actc\Desktop\allfiles\Snake2\Snake2\Debug\rc.read.1.tlog
C:\Users\actc\Desktop\allfiles\Snake2\Snake2\Debug\rc.write.1.tlog
C:\Users\actc\Desktop\allfiles\Snake2\Snake2\Debug\Snake.res
C:\Users\actc\Desktop\allfiles\Snake2\Snake2\Debug\vc110.idb
C:\Users\actc\Desktop\allfiles\Snake2\Snake2\Debug\vc110.pdb
C:\Users\actc\Desktop\allfiles\Snake2\Debug\Snake2.pdb
C:\Users\actc\Desktop\allfiles\Snake2\Debug\Snake2.exe
C:\Users\actc\Desktop\allfiles\Snake2\Debug\Snake2.ilk
